day11/wenanquan/Data12_28Activity/jiguang/build/intermediates/manifest_merge_blame_file/debug/manifest-merger-blame-debug-report.txt
1<?xml version="1.0" encoding="utf-8"?>
2<manifest xmlns:android="http://schemas.android.com/apk/res/android"
3    xmlns:tools="http://schemas.android.com/tools"
4    package="cn.jiguang.sdk"
5    android:versionCode="1"
6    android:versionName="1.0" > <!-- oppo_permission_end -->
7    <uses-sdk
7-->src\main\AndroidManifest.xml:48:5-83:33
8        android:minSdkVersion="21"
8-->src\main\AndroidManifest.xml:48:5-83:33
9        android:targetSdkVersion="29"
9-->src\main\AndroidManifest.xml:48:5-83:33
10        tools:overrideLibrary="      cn.jpush.android.thirdpush.fcm     ,cn.jpush.android.thirdpush.huawei     ,cn.jpush.android.thirdpush.meizu     ,cn.jpush.android.thirdpush.oppo     ,cn.jpush.android.thirdpush.vivo     ,cn.jpush.android.thirdpush.xiaomi     ,com.google.firebase.firebase_core     ,com.google.firebase.messaging     ,com.google.firebase.analytics.connector.impl     ,com.google.firebase.measurement     ,com.google.android.gms.measurement.api     ,com.google.firebase.measurement_impl     ,com.google.firebase.iid     ,com.google.firebase     ,com.google.firebase.iid.internal     ,com.google.android.gms.base     ,com.google.android.gms.tasks     ,com.google.firebase.analytics.connector     ,com.google.android.gms.stats     ,com.google.android.gms.ads_identifier     ,com.google.android.gms.common     ,com.google.android.gms.measurement_base     ,com.huawei.android.hms.openid     ,com.huawei.agconnect.core     ,com.huawei.hmf.tasks     ,com.huawei.hms.framework.network.grs     ,com.huawei.hms.framework.common     ,com.huawei.android.hms.base     ,com.huawei.android.hms.push     ,android.support.mediacompat     ,android.support.fragment     ,android.support.coreutils     ,android.support.coreui     ,android.support.compat     ,android.arch.lifecycle" />
10-->src\main\AndroidManifest.xml:48:5-83:33
11
12    <!-- Required -->
13    <permission
13-->src\main\AndroidManifest.xml:7:5-9:47
14        android:name="${JPUSH_PKGNAME}.permission.JPUSH_MESSAGE"
14-->src\main\AndroidManifest.xml:8:9-65
15        android:protectionLevel="signature" />
15-->src\main\AndroidManifest.xml:9:9-44
16    <!-- Required  一些系统要求的权限，如访问网络等 -->
17    <uses-permission android:name="${JPUSH_PKGNAME}.permission.JPUSH_MESSAGE" />
17-->src\main\AndroidManifest.xml:11:5-81
17-->src\main\AndroidManifest.xml:11:22-78
18    <uses-permission android:name="android.permission.RECEIVE_USER_PRESENT" />
18-->src\main\AndroidManifest.xml:12:5-79
18-->src\main\AndroidManifest.xml:12:22-76
19    <uses-permission android:name="android.permission.INTERNET" />
19-->src\main\AndroidManifest.xml:13:5-67
19-->src\main\AndroidManifest.xml:13:22-64
20    <uses-permission android:name="android.permission.READ_PHONE_STATE" />
20-->src\main\AndroidManifest.xml:14:5-75
20-->src\main\AndroidManifest.xml:14:22-72
21    <uses-permission android:name="android.permission.WRITE_EXTERNAL_STORAGE" />
21-->src\main\AndroidManifest.xml:15:5-81
21-->src\main\AndroidManifest.xml:15:22-78
22    <uses-permission android:name="android.permission.READ_EXTERNAL_STORAGE" />
22-->src\main\AndroidManifest.xml:16:5-80
22-->src\main\AndroidManifest.xml:16:22-77
23    <uses-permission android:name="android.permission.WRITE_SETTINGS" />
23-->src\main\AndroidManifest.xml:17:5-73
23-->src\main\AndroidManifest.xml:17:22-70
24    <uses-permission android:name="android.permission.MOUNT_UNMOUNT_FILESYSTEMS" />
24-->src\main\AndroidManifest.xml:18:5-84
24-->src\main\AndroidManifest.xml:18:22-81
25    <uses-permission android:name="android.permission.ACCESS_NETWORK_STATE" />
25-->src\main\AndroidManifest.xml:19:5-79
25-->src\main\AndroidManifest.xml:19:22-76
26    <uses-permission android:name="android.permission.ACCESS_WIFI_STATE" />
26-->src\main\AndroidManifest.xml:20:5-76
26-->src\main\AndroidManifest.xml:20:22-73
27    <!-- 华为角标 -->
28    <uses-permission android:name="com.huawei.android.launcher.permission.CHANGE_BADGE" />
28-->src\main\AndroidManifest.xml:22:5-91
28-->src\main\AndroidManifest.xml:22:22-88
29    <!-- Optional for location -->
30    <uses-permission android:name="android.permission.VIBRATE" />
30-->src\main\AndroidManifest.xml:24:5-66
30-->src\main\AndroidManifest.xml:24:22-63
31    <uses-permission android:name="android.permission.SYSTEM_ALERT_WINDOW" /> <!-- 用于开启 debug 版本的应用在6.0 系统上 层叠窗口权限 -->
31-->src\main\AndroidManifest.xml:25:5-78
31-->src\main\AndroidManifest.xml:25:22-75
32    <uses-permission android:name="android.permission.ACCESS_COARSE_LOCATION" />
32-->src\main\AndroidManifest.xml:26:5-81
32-->src\main\AndroidManifest.xml:26:22-78
33    <uses-permission android:name="android.permission.CHANGE_WIFI_STATE" />
33-->src\main\AndroidManifest.xml:27:5-76
33-->src\main\AndroidManifest.xml:27:22-73
34    <uses-permission android:name="android.permission.ACCESS_FINE_LOCATION" />
34-->src\main\AndroidManifest.xml:28:5-79
34-->src\main\AndroidManifest.xml:28:22-76
35    <uses-permission android:name="android.permission.ACCESS_BACKGROUND_LOCATION" /> <!-- Android Q后台定位权限 -->
35-->src\main\AndroidManifest.xml:29:5-85
35-->src\main\AndroidManifest.xml:29:22-82
36    <uses-permission android:name="android.permission.ACCESS_LOCATION_EXTRA_COMMANDS" />
36-->src\main\AndroidManifest.xml:30:5-89
36-->src\main\AndroidManifest.xml:30:22-86
37    <uses-permission android:name="android.permission.CHANGE_NETWORK_STATE" />
37-->src\main\AndroidManifest.xml:31:5-79
37-->src\main\AndroidManifest.xml:31:22-76
38    <uses-permission android:name="android.permission.GET_TASKS" />
38-->src\main\AndroidManifest.xml:32:5-67
38-->src\main\AndroidManifest.xml:32:22-65
39    <uses-permission android:name="android.permission.QUERY_ALL_PACKAGES" />
39-->src\main\AndroidManifest.xml:33:5-76
39-->src\main\AndroidManifest.xml:33:22-74
40
41    <!-- xiaomi_permission_start -->
42    <permission
42-->src\main\AndroidManifest.xml:36:5-38:47
43        android:name="${applicationId}.permission.MIPUSH_RECEIVE"
43-->src\main\AndroidManifest.xml:37:9-66
44        android:protectionLevel="signature" />
44-->src\main\AndroidManifest.xml:38:9-44
45
46    <uses-permission android:name="${applicationId}.permission.MIPUSH_RECEIVE" />
46-->src\main\AndroidManifest.xml:39:5-82
46-->src\main\AndroidManifest.xml:39:22-79
47    <!-- xiaomi_permission_end -->
48    <!-- oppo_permission_start -->
49    <uses-permission android:name="com.coloros.mcs.permission.RECIEVE_MCS_MESSAGE" />
49-->src\main\AndroidManifest.xml:42:5-86
49-->src\main\AndroidManifest.xml:42:22-83
50    <uses-permission android:name="com.heytap.mcs.permission.RECIEVE_MCS_MESSAGE" />
50-->src\main\AndroidManifest.xml:43:5-85
50-->src\main\AndroidManifest.xml:43:22-82
51
52    <application>
52-->src\main\AndroidManifest.xml:85:5-357:19
53
54        <!-- jpush_config_start -->
55        <!-- Rich push 核心功能 since 2.0.6 -->
56        <activity
56-->src\main\AndroidManifest.xml:89:9-100:20
57            android:name="cn.jpush.android.ui.PopWinActivity"
57-->src\main\AndroidManifest.xml:90:13-62
58            android:exported="true"
58-->src\main\AndroidManifest.xml:91:13-36
59            android:theme="@style/MyDialogStyle" >
59-->src\main\AndroidManifest.xml:92:13-49
60            <intent-filter>
60-->src\main\AndroidManifest.xml:93:13-99:29
61                <category android:name="android.intent.category.DEFAULT" />
61-->src\main\AndroidManifest.xml:94:17-76
61-->src\main\AndroidManifest.xml:94:27-73
62
63                <action android:name="cn.jpush.android.ui.PopWinActivity" />
63-->src\main\AndroidManifest.xml:96:17-77
63-->src\main\AndroidManifest.xml:96:25-74
64
65                <category android:name="${JPUSH_PKGNAME}" />
65-->src\main\AndroidManifest.xml:98:17-61
65-->src\main\AndroidManifest.xml:98:27-58
66            </intent-filter>
67        </activity>
68
69        <!-- Required SDK核心功能 -->
70        <activity
70-->src\main\AndroidManifest.xml:103:9-114:20
71            android:name="cn.jpush.android.ui.PushActivity"
71-->src\main\AndroidManifest.xml:104:13-60
72            android:configChanges="orientation|keyboardHidden"
72-->src\main\AndroidManifest.xml:105:13-63
73            android:exported="true"
73-->src\main\AndroidManifest.xml:106:13-36
74            android:theme="@android:style/Theme.NoTitleBar" >
74-->src\main\AndroidManifest.xml:107:13-60
75            <intent-filter>
75-->src\main\AndroidManifest.xml:108:13-113:29
76                <action android:name="cn.jpush.android.ui.PushActivity" />
76-->src\main\AndroidManifest.xml:109:17-75
76-->src\main\AndroidManifest.xml:109:25-72
77
78                <category android:name="android.intent.category.DEFAULT" />
78-->src\main\AndroidManifest.xml:94:17-76
78-->src\main\AndroidManifest.xml:94:27-73
79                <category android:name="${JPUSH_PKGNAME}" />
79-->src\main\AndroidManifest.xml:98:17-61
79-->src\main\AndroidManifest.xml:98:27-58
80            </intent-filter>
81        </activity>
82
83        <!-- since 3.5.0 Required SDK 核心功能 -->
84        <!-- 3.5.0新增，用于定时展示功能 -->
85        <receiver
85-->src\main\AndroidManifest.xml:118:9-120:40
86            android:name="cn.jpush.android.service.SchedulerReceiver"
86-->src\main\AndroidManifest.xml:119:13-70
87            android:exported="false" />
87-->src\main\AndroidManifest.xml:120:13-37
88
89        <!-- 3.6.7 新增，用于负反馈组件 -->
90        <service android:name="cn.jpush.android.service.MessagingIntentService" />
90-->src\main\AndroidManifest.xml:123:9-83
90-->src\main\AndroidManifest.xml:123:18-80
91
92        <!-- since 3.0.9 Required SDK 核心功能 -->
93        <provider
93-->src\main\AndroidManifest.xml:126:9-130:43
94            android:name="cn.jpush.android.service.DataProvider"
94-->src\main\AndroidManifest.xml:127:13-65
95            android:authorities="${JPUSH_PKGNAME}.DataProvider"
95-->src\main\AndroidManifest.xml:128:13-64
96            android:exported="false"
96-->src\main\AndroidManifest.xml:129:13-37
97            android:process=":pushcore" />
97-->src\main\AndroidManifest.xml:130:13-40
98        <!-- since 3.1.0 Required SDK 核心功能 -->
99        <provider
99-->src\main\AndroidManifest.xml:132:9-135:39
100            android:name="cn.jpush.android.service.DownloadProvider"
100-->src\main\AndroidManifest.xml:133:13-69
101            android:authorities="${JPUSH_PKGNAME}.DownloadProvider"
101-->src\main\AndroidManifest.xml:134:13-68
102            android:exported="true" />
102-->src\main\AndroidManifest.xml:135:13-36
103
104        <!-- since 3.3.0 Required SDK核心功能 -->
105        <activity
105-->src\main\AndroidManifest.xml:138:9-148:20
106            android:name="cn.jpush.android.service.JNotifyActivity"
106-->src\main\AndroidManifest.xml:139:13-68
107            android:exported="true"
107-->src\main\AndroidManifest.xml:140:13-36
108            android:taskAffinity="jpush.custom"
108-->src\main\AndroidManifest.xml:141:13-48
109            android:theme="@android:style/Theme.Translucent.NoTitleBar" >
109-->src\main\AndroidManifest.xml:142:13-72
110            <intent-filter>
110-->src\main\AndroidManifest.xml:143:13-147:29
111                <action android:name="cn.jpush.android.intent.JNotifyActivity" />
111-->src\main\AndroidManifest.xml:144:17-82
111-->src\main\AndroidManifest.xml:144:25-79
112
113                <category android:name="${applicationId}" />
113-->src\main\AndroidManifest.xml:146:17-61
113-->src\main\AndroidManifest.xml:146:27-58
114            </intent-filter>
115        </activity>
116        <!-- since 3.5.6 新增华硕通道 -->
117        <receiver android:name="cn.jpush.android.asus.AsusPushMessageReceiver" />
117-->src\main\AndroidManifest.xml:150:9-82
117-->src\main\AndroidManifest.xml:150:19-79
118        <!-- jpush_config_end -->
119
120
121        <!-- (jpush|jmessage)_config_start，jpush和jmessage公用的组件 -->
122        <!-- Required SDK 核心功能 -->
123        <!-- 可配置android:process参数将PushService放在其他进程中 -->
124        <service
124-->src\main\AndroidManifest.xml:156:9-167:19
125            android:name="cn.jpush.android.service.PushService"
125-->src\main\AndroidManifest.xml:157:13-64
126            android:enabled="true"
126-->src\main\AndroidManifest.xml:158:13-35
127            android:exported="false"
127-->src\main\AndroidManifest.xml:159:13-37
128            android:process=":pushcore" >
128-->src\main\AndroidManifest.xml:160:13-40
129            <intent-filter>
129-->src\main\AndroidManifest.xml:161:13-166:29
130                <action android:name="cn.jpush.android.intent.REGISTER" />
130-->src\main\AndroidManifest.xml:162:17-75
130-->src\main\AndroidManifest.xml:162:25-72
131                <action android:name="cn.jpush.android.intent.REPORT" />
131-->src\main\AndroidManifest.xml:163:17-73
131-->src\main\AndroidManifest.xml:163:25-70
132                <action android:name="cn.jpush.android.intent.PushService" />
132-->src\main\AndroidManifest.xml:164:17-78
132-->src\main\AndroidManifest.xml:164:25-75
133                <action android:name="cn.jpush.android.intent.PUSH_TIME" />
133-->src\main\AndroidManifest.xml:165:17-76
133-->src\main\AndroidManifest.xml:165:25-73
134            </intent-filter>
135        </service>
136
137        <!-- since 1.8.0 option 可选项。用于同一设备中不同应用的JPush服务相互拉起的功能。 -->
138        <!-- 若不启用该功能可删除该组件，或把 enabled 设置成 false ；App 不会被其他 App 拉起，但会拉起其他的 App。 -->
139        <service
139-->src\main\AndroidManifest.xml:171:9-180:19
140            android:name="cn.jpush.android.service.DaemonService"
140-->src\main\AndroidManifest.xml:172:13-66
141            android:enabled="true"
141-->src\main\AndroidManifest.xml:173:13-35
142            android:exported="true" >
142-->src\main\AndroidManifest.xml:174:13-36
143            <intent-filter>
143-->src\main\AndroidManifest.xml:175:13-179:29
144                <action android:name="cn.jpush.android.intent.DaemonService" />
144-->src\main\AndroidManifest.xml:176:17-80
144-->src\main\AndroidManifest.xml:176:25-77
145
146                <category android:name="${JPUSH_PKGNAME}" />
146-->src\main\AndroidManifest.xml:98:17-61
146-->src\main\AndroidManifest.xml:98:27-58
147            </intent-filter>
148        </service>
149        <!-- 可选，如果使用静态Activity方式拉起，该组件必须声明 -->
150        <activity
150-->src\main\AndroidManifest.xml:182:9-193:20
151            android:name="cn.jpush.android.service.DActivity"
151-->src\main\AndroidManifest.xml:183:13-62
152            android:enabled="true"
152-->src\main\AndroidManifest.xml:184:13-35
153            android:exported="true"
153-->src\main\AndroidManifest.xml:185:13-36
154            android:taskAffinity="jpush.custom"
154-->src\main\AndroidManifest.xml:186:13-48
155            android:theme="@android:style/Theme.Translucent.NoTitleBar" >
155-->src\main\AndroidManifest.xml:187:13-72
156            <intent-filter>
156-->src\main\AndroidManifest.xml:188:13-192:29
157                <action android:name="cn.jpush.android.intent.DActivity" />
157-->src\main\AndroidManifest.xml:189:17-76
157-->src\main\AndroidManifest.xml:189:25-73
158
159                <category android:name="${JPUSH_PKGNAME}" />
159-->src\main\AndroidManifest.xml:98:17-61
159-->src\main\AndroidManifest.xml:98:27-58
160            </intent-filter>
161        </activity>
162
163        <!-- Required SDK核心功能 -->
164        <receiver
164-->src\main\AndroidManifest.xml:196:9-214:20
165            android:name="cn.jpush.android.service.PushReceiver"
165-->src\main\AndroidManifest.xml:197:13-65
166            android:enabled="true" >
166-->src\main\AndroidManifest.xml:198:13-35
167            <intent-filter android:priority="1000" >
167-->src\main\AndroidManifest.xml:199:13-202:29
167-->src\main\AndroidManifest.xml:199:28-51
168                <action android:name="cn.jpush.android.intent.NOTIFICATION_RECEIVED_PROXY" /> <!-- Required  显示通知栏 -->
168-->src\main\AndroidManifest.xml:200:17-94
168-->src\main\AndroidManifest.xml:200:25-91
169                <category android:name="${JPUSH_PKGNAME}" />
169-->src\main\AndroidManifest.xml:98:17-61
169-->src\main\AndroidManifest.xml:98:27-58
170            </intent-filter>
171            <intent-filter>
171-->src\main\AndroidManifest.xml:203:13-206:29
172                <action android:name="android.intent.action.USER_PRESENT" />
172-->src\main\AndroidManifest.xml:204:17-77
172-->src\main\AndroidManifest.xml:204:25-74
173                <action android:name="android.net.conn.CONNECTIVITY_CHANGE" />
173-->src\main\AndroidManifest.xml:205:17-79
173-->src\main\AndroidManifest.xml:205:25-76
174            </intent-filter>
175            <!-- Optional -->
176            <intent-filter>
176-->src\main\AndroidManifest.xml:208:13-213:29
177                <action android:name="android.intent.action.PACKAGE_ADDED" />
177-->src\main\AndroidManifest.xml:209:17-78
177-->src\main\AndroidManifest.xml:209:25-75
178                <action android:name="android.intent.action.PACKAGE_REMOVED" />
178-->src\main\AndroidManifest.xml:210:17-80
178-->src\main\AndroidManifest.xml:210:25-77
179
180                <data android:scheme="package" />
180-->src\main\AndroidManifest.xml:212:17-50
180-->src\main\AndroidManifest.xml:212:23-47
181            </intent-filter>
182        </receiver>
183
184        <!-- Required SDK核心功能 -->
185        <receiver
185-->src\main\AndroidManifest.xml:217:9-219:40
186            android:name="cn.jpush.android.service.AlarmReceiver"
186-->src\main\AndroidManifest.xml:218:13-66
187            android:exported="false" />
187-->src\main\AndroidManifest.xml:219:13-37
188        <!-- (jpush|jmessage)_config_end -->
189
190
191        <!-- xiaomi_config_start -->
192        <service
192-->src\main\AndroidManifest.xml:224:9-229:43
193            android:name="com.xiaomi.push.service.XMJobService"
193-->src\main\AndroidManifest.xml:225:13-64
194            android:enabled="true"
194-->src\main\AndroidManifest.xml:226:13-35
195            android:exported="false"
195-->src\main\AndroidManifest.xml:227:13-37
196            android:permission="android.permission.BIND_JOB_SERVICE"
196-->src\main\AndroidManifest.xml:228:13-69
197            android:process=":pushcore" />
197-->src\main\AndroidManifest.xml:229:13-40
198        <service
198-->src\main\AndroidManifest.xml:230:9-233:43
199            android:name="com.xiaomi.push.service.XMPushService"
199-->src\main\AndroidManifest.xml:231:13-65
200            android:enabled="true"
200-->src\main\AndroidManifest.xml:232:13-35
201            android:process=":pushcore" />
201-->src\main\AndroidManifest.xml:233:13-40
202        <service
202-->src\main\AndroidManifest.xml:234:9-237:39
203            android:name="com.xiaomi.mipush.sdk.PushMessageHandler"
203-->src\main\AndroidManifest.xml:235:13-68
204            android:enabled="true"
204-->src\main\AndroidManifest.xml:236:13-35
205            android:exported="true" />
205-->src\main\AndroidManifest.xml:237:13-36
206        <service
206-->src\main\AndroidManifest.xml:238:9-240:38
207            android:name="com.xiaomi.mipush.sdk.MessageHandleService"
207-->src\main\AndroidManifest.xml:239:13-70
208            android:enabled="true" />
208-->src\main\AndroidManifest.xml:240:13-35
209
210        <receiver
210-->src\main\AndroidManifest.xml:242:9-250:20
211            android:name="com.xiaomi.push.service.receivers.NetworkStatusReceiver"
211-->src\main\AndroidManifest.xml:243:13-83
212            android:exported="true" >
212-->src\main\AndroidManifest.xml:244:13-36
213            <intent-filter>
213-->src\main\AndroidManifest.xml:245:13-249:29
214                <action android:name="android.net.conn.CONNECTIVITY_CHANGE" />
214-->src\main\AndroidManifest.xml:205:17-79
214-->src\main\AndroidManifest.xml:205:25-76
215
216                <category android:name="android.intent.category.DEFAULT" />
216-->src\main\AndroidManifest.xml:94:17-76
216-->src\main\AndroidManifest.xml:94:27-73
217            </intent-filter>
218        </receiver>
219        <receiver
219-->src\main\AndroidManifest.xml:251:9-258:20
220            android:name="com.xiaomi.push.service.receivers.PingReceiver"
220-->src\main\AndroidManifest.xml:252:13-74
221            android:exported="false"
221-->src\main\AndroidManifest.xml:253:13-37
222            android:process=":pushcore" >
222-->src\main\AndroidManifest.xml:254:13-40
223            <intent-filter>
223-->src\main\AndroidManifest.xml:255:13-257:29
224                <action android:name="com.xiaomi.push.PING_TIMER" />
224-->src\main\AndroidManifest.xml:256:17-69
224-->src\main\AndroidManifest.xml:256:25-66
225            </intent-filter>
226        </receiver>
227        <receiver
227-->src\main\AndroidManifest.xml:259:9-271:20
228            android:name="cn.jpush.android.service.PluginXiaomiPlatformsReceiver"
228-->src\main\AndroidManifest.xml:260:13-82
229            android:exported="true" >
229-->src\main\AndroidManifest.xml:261:13-36
230            <intent-filter>
230-->src\main\AndroidManifest.xml:262:13-264:29
231                <action android:name="com.xiaomi.mipush.RECEIVE_MESSAGE" />
231-->src\main\AndroidManifest.xml:263:17-76
231-->src\main\AndroidManifest.xml:263:25-73
232            </intent-filter>
233            <intent-filter>
233-->src\main\AndroidManifest.xml:265:13-267:29
234                <action android:name="com.xiaomi.mipush.MESSAGE_ARRIVED" />
234-->src\main\AndroidManifest.xml:266:17-76
234-->src\main\AndroidManifest.xml:266:25-73
235            </intent-filter>
236            <intent-filter>
236-->src\main\AndroidManifest.xml:268:13-270:29
237                <action android:name="com.xiaomi.mipush.ERROR" />
237-->src\main\AndroidManifest.xml:269:17-66
237-->src\main\AndroidManifest.xml:269:25-63
238            </intent-filter>
239        </receiver>
240
241        <meta-data
241-->src\main\AndroidManifest.xml:273:9-275:48
242            android:name="XIAOMI_APPKEY"
242-->src\main\AndroidManifest.xml:274:13-41
243            android:value="${XIAOMI_APPKEY}" />
243-->src\main\AndroidManifest.xml:275:13-45
244        <meta-data
244-->src\main\AndroidManifest.xml:276:9-278:47
245            android:name="XIAOMI_APPID"
245-->src\main\AndroidManifest.xml:277:13-40
246            android:value="${XIAOMI_APPID}" />
246-->src\main\AndroidManifest.xml:278:13-44
247        <!-- xiaomi_config_end -->
248
249
250        <!-- huawei_config_start -->
251        <service
251-->src\main\AndroidManifest.xml:282:9-288:19
252            android:name="cn.jpush.android.service.PluginHuaweiPlatformsService"
252-->src\main\AndroidManifest.xml:283:13-81
253            android:exported="false" >
253-->src\main\AndroidManifest.xml:284:13-37
254            <intent-filter>
254-->src\main\AndroidManifest.xml:285:13-287:29
255                <action android:name="com.huawei.push.action.MESSAGING_EVENT" />
255-->src\main\AndroidManifest.xml:286:17-81
255-->src\main\AndroidManifest.xml:286:25-78
256            </intent-filter>
257        </service>
258        <!-- huawei_config_end -->
259
260
261        <!-- oppo_config_start -->
262        <service
262-->src\main\AndroidManifest.xml:294:9-300:19
263            android:name="cn.jpush.android.service.PluginOppoPushService"
263-->src\main\AndroidManifest.xml:295:13-74
264            android:permission="com.coloros.mcs.permission.SEND_MCS_MESSAGE" >
264-->src\main\AndroidManifest.xml:296:13-77
265            <intent-filter>
265-->src\main\AndroidManifest.xml:297:13-299:29
266                <action android:name="com.coloros.mcs.action.RECEIVE_MCS_MESSAGE" />
266-->src\main\AndroidManifest.xml:298:17-85
266-->src\main\AndroidManifest.xml:298:25-82
267            </intent-filter>
268        </service>
269        <!-- since JPushv3.6.8 ，oppov2.1.0 oppo 核心功能 -->
270        <service
270-->src\main\AndroidManifest.xml:302:9-311:19
271            android:name="com.heytap.msp.push.service.DataMessageCallbackService"
271-->src\main\AndroidManifest.xml:303:13-82
272            android:permission="com.heytap.mcs.permission.SEND_PUSH_MESSAGE" >
272-->src\main\AndroidManifest.xml:304:13-77
273            <intent-filter>
273-->src\main\AndroidManifest.xml:306:13-310:29
274                <action android:name="com.heytap.mcs.action.RECEIVE_MCS_MESSAGE" />
274-->src\main\AndroidManifest.xml:307:17-84
274-->src\main\AndroidManifest.xml:307:25-81
275                <action android:name="com.heytap.msp.push.RECEIVE_MCS_MESSAGE" />
275-->src\main\AndroidManifest.xml:309:17-82
275-->src\main\AndroidManifest.xml:309:25-79
276            </intent-filter>
277        </service> <!-- 兼容Q版本 -->
278        <meta-data
278-->src\main\AndroidManifest.xml:312:9-314:46
279            android:name="OPPO_APPKEY"
279-->src\main\AndroidManifest.xml:313:13-39
280            android:value="${OPPO_APPKEY}" />
280-->src\main\AndroidManifest.xml:314:13-43
281        <meta-data
281-->src\main\AndroidManifest.xml:315:9-317:45
282            android:name="OPPO_APPID"
282-->src\main\AndroidManifest.xml:316:13-38
283            android:value="${OPPO_APPID}" />
283-->src\main\AndroidManifest.xml:317:13-42
284        <meta-data
284-->src\main\AndroidManifest.xml:318:9-320:49
285            android:name="OPPO_APPSECRET"
285-->src\main\AndroidManifest.xml:319:13-42
286            android:value="${OPPO_APPSECRET}" />
286-->src\main\AndroidManifest.xml:320:13-46
287        <!-- oppo_config_end -->
288
289
290        <!-- vivo_config_start -->
291        <receiver android:name="cn.jpush.android.service.PluginVivoMessageReceiver" >
291-->src\main\AndroidManifest.xml:324:9-329:20
291-->src\main\AndroidManifest.xml:324:19-84
292            <intent-filter>
292-->src\main\AndroidManifest.xml:325:13-328:29
293
294                <!-- 接收 push 消息 -->
295                <action android:name="com.vivo.pushclient.action.RECEIVE" />
295-->src\main\AndroidManifest.xml:327:17-77
295-->src\main\AndroidManifest.xml:327:25-74
296            </intent-filter>
297        </receiver>
298
299        <service
299-->src\main\AndroidManifest.xml:330:9-332:39
300            android:name="com.vivo.push.sdk.service.CommandClientService"
300-->src\main\AndroidManifest.xml:331:13-74
301            android:exported="true" />
301-->src\main\AndroidManifest.xml:332:13-36
302
303        <activity
303-->src\main\AndroidManifest.xml:333:9-337:75
304            android:name="com.vivo.push.sdk.LinkProxyClientActivity"
304-->src\main\AndroidManifest.xml:334:13-69
305            android:exported="false"
305-->src\main\AndroidManifest.xml:335:13-37
306            android:screenOrientation="portrait"
306-->src\main\AndroidManifest.xml:336:13-49
307            android:theme="@android:style/Theme.Translucent.NoTitleBar" />
307-->src\main\AndroidManifest.xml:337:13-72
308
309        <meta-data
309-->src\main\AndroidManifest.xml:339:9-341:46
310            android:name="com.vivo.push.api_key"
310-->src\main\AndroidManifest.xml:340:13-49
311            android:value="${VIVO_APPKEY}" />
311-->src\main\AndroidManifest.xml:341:13-43
312        <meta-data
312-->src\main\AndroidManifest.xml:342:9-344:45
313            android:name="com.vivo.push.app_id"
313-->src\main\AndroidManifest.xml:343:13-48
314            android:value="${VIVO_APPID}" />
314-->src\main\AndroidManifest.xml:344:13-42
315        <!-- vivo_config_end -->
316
317
318        <!-- Required_config -->
319        <meta-data
319-->src\main\AndroidManifest.xml:350:9-352:48
320            android:name="JPUSH_CHANNEL"
320-->src\main\AndroidManifest.xml:351:13-41
321            android:value="${JPUSH_CHANNEL}" />
321-->src\main\AndroidManifest.xml:352:13-45
322        <meta-data
322-->src\main\AndroidManifest.xml:353:9-355:47
323            android:name="JPUSH_APPKEY"
323-->src\main\AndroidManifest.xml:354:13-40
324            android:value="${JPUSH_APPKEY}" /> <!-- </>值来自开发者平台取得的AppKey -->
324-->src\main\AndroidManifest.xml:355:13-44
325
326    </application>
327
328</manifest>